SF:lib/src/property_change_notifier.dart
DA:37,1
DA:41,1
DA:42,4
DA:53,3
DA:55,3
DA:56,1
DA:57,7
DA:60,1
DA:61,6
DA:66,2
DA:67,2
DA:68,3
DA:70,3
DA:79,3
DA:81,3
DA:82,1
DA:85,1
DA:86,6
DA:91,2
DA:93,2
DA:98,2
DA:99,1
DA:102,1
DA:103,2
DA:115,1
DA:118,1
DA:119,1
DA:120,1
DA:121,1
DA:131,3
DA:135,3
DA:136,4
DA:139,6
DA:147,6
DA:148,3
DA:153,3
DA:154,3
DA:155,3
DA:162,3
DA:163,3
DA:164,6
DA:167,3
DA:168,3
DA:169,3
DA:171,1
DA:178,3
DA:179,3
DA:180,6
DA:181,2
DA:182,1
DA:185,3
LF:51
LH:51
end_of_record
SF:lib/src/property_change_provider.dart
DA:33,2
DA:38,1
DA:40,1
DA:42,2
DA:43,4
DA:48,1
DA:49,2
DA:52,2
DA:53,4
DA:57,4
DA:58,2
DA:61,2
DA:65,2
DA:69,1
DA:70,1
DA:71,2
DA:81,2
DA:82,2
DA:92,2
DA:94,2
DA:95,8
DA:98,2
DA:100,8
DA:101,2
DA:104,2
DA:106,2
DA:108,4
DA:112,2
DA:113,4
DA:114,2
DA:118,2
DA:119,2
DA:120,2
DA:121,2
DA:123,2
DA:136,2
DA:141,2
DA:144,8
DA:147,6
DA:149,2
DA:154,2
DA:156,8
LF:42
LH:42
end_of_record
SF:lib/src/property_change_consumer.dart
DA:38,1
DA:42,1
DA:43,1
DA:45,1
DA:47,2
DA:48,3
LF:6
LH:6
end_of_record
