SF:lib/src/property_change_notifier.dart
DA:39,1
DA:43,1
DA:44,4
DA:55,3
DA:57,3
DA:58,1
DA:59,7
DA:62,1
DA:63,6
DA:68,2
DA:69,2
DA:70,3
DA:72,3
DA:81,3
DA:83,3
DA:84,1
DA:87,1
DA:88,6
DA:93,1
DA:95,2
DA:100,2
DA:101,1
DA:104,1
DA:105,2
DA:117,1
DA:120,1
DA:121,1
DA:122,1
DA:123,1
DA:133,3
DA:137,3
DA:138,4
DA:141,6
DA:149,6
DA:150,3
DA:155,3
DA:156,3
DA:157,3
DA:164,3
DA:165,3
DA:166,6
DA:169,3
DA:170,3
DA:171,3
DA:173,1
DA:180,3
DA:181,3
DA:182,6
DA:183,2
DA:184,1
DA:187,3
LF:51
LH:51
end_of_record
SF:lib/src/property_change_provider.dart
DA:33,2
DA:38,1
DA:40,1
DA:42,2
DA:43,4
DA:48,1
DA:49,2
DA:52,2
DA:53,4
DA:57,4
DA:58,2
DA:61,2
DA:65,2
DA:69,1
DA:70,1
DA:71,2
DA:81,2
DA:82,2
DA:92,2
DA:94,2
DA:95,8
DA:98,2
DA:100,8
DA:101,2
DA:104,2
DA:106,2
DA:108,4
DA:112,2
DA:113,4
DA:114,2
DA:127,2
DA:132,2
DA:135,8
DA:138,6
DA:140,2
DA:145,2
DA:147,6
LF:37
LH:37
end_of_record
SF:lib/src/property_change_consumer.dart
DA:36,1
DA:40,1
DA:41,1
DA:43,1
DA:45,2
DA:46,3
LF:6
LH:6
end_of_record
